building the system configuration...
these 8 derivations will be built:
  /nix/store/294pglcmascjgxdv6z2skqjpzij7ayz2-hm_.zshrc.drv
  /nix/store/68abs9jx8k3gdd5bdp0x0wwf0dwrp2by-starship-config.drv
  /nix/store/s580xhnzm6wvlznyjf094asv05p2ifiw-home-manager-files.drv
  /nix/store/9h59bgwzg4pj6wxcavnxlzsm8wbpwz5n-home-manager-generation.drv
  /nix/store/grk5pks6pbk7wp5hcjwvb4pmwdxgqccp-unit-home-manager-rdatar.service.drv
  /nix/store/44nzmv416v0q1ayhm7k6hmq0k5q0r6q8-system-units.drv
  /nix/store/xlbmfhdgj59j9znjk5sklvppyviv28ci-etc.drv
  /nix/store/42b2srwg6zdm8wvbzykx1kpfdj8mcyl3-nixos-system-nixos-home-desktop-24.11.20241029.807e915.drv
building '/nix/store/294pglcmascjgxdv6z2skqjpzij7ayz2-hm_.zshrc.drv'...
building '/nix/store/68abs9jx8k3gdd5bdp0x0wwf0dwrp2by-starship-config.drv'...
building '/nix/store/s580xhnzm6wvlznyjf094asv05p2ifiw-home-manager-files.drv'...
building '/nix/store/9h59bgwzg4pj6wxcavnxlzsm8wbpwz5n-home-manager-generation.drv'...
building '/nix/store/grk5pks6pbk7wp5hcjwvb4pmwdxgqccp-unit-home-manager-rdatar.service.drv'...
building '/nix/store/44nzmv416v0q1ayhm7k6hmq0k5q0r6q8-system-units.drv'...
building '/nix/store/xlbmfhdgj59j9znjk5sklvppyviv28ci-etc.drv'...
building '/nix/store/42b2srwg6zdm8wvbzykx1kpfdj8mcyl3-nixos-system-nixos-home-desktop-24.11.20241029.807e915.drv'...
updating GRUB 2 menu...
Warning: os-prober will be executed to detect other bootable partitions.
Its output will be used to detect bootable binaries on them and create new boot entries.
lsblk: /dev/mapper/no*[0-9]: not a block device
lsblk: /dev/mapper/block*[0-9]: not a block device
lsblk: /dev/mapper/devices*[0-9]: not a block device
lsblk: /dev/mapper/found*[0-9]: not a block device
Found Windows Boot Manager on /dev/nvme1n1p1@/efi/Microsoft/Boot/bootmgfw.efi
activating the configuration...
setting up /etc...
reloading user units for rdatar...
restarting sysinit-reactivation.target
restarting the following units: home-manager-rdatar.service
